0 info it worked if it ends with ok
1 verbose cli [ '/usr/bin/node', '/usr/bin/npm', 'run', 'watch' ]
2 info using npm@3.10.10
3 info using node@v6.17.1
4 verbose run-script [ 'prewatch', 'watch', 'postwatch' ]
5 info lifecycle timreport@1.0.0~prewatch: timreport@1.0.0
6 silly lifecycle timreport@1.0.0~prewatch: no script for prewatch, continuing
7 info lifecycle timreport@1.0.0~watch: timreport@1.0.0
8 verbose lifecycle timreport@1.0.0~watch: unsafe-perm in lifecycle true
9 verbose lifecycle timreport@1.0.0~watch: PATH: /usr/lib/node_modules/npm/bin/node-gyp-bin:/var/www/html/TimReport/node_modules/.bin:/usr/local/bin:/usr/bin:/usr/local/sbin:/usr/sbin:/home/desarrollo15/.composer/vendor/bin:/home/desarrollo15/.local/bin:/home/desarrollo15/bin
10 verbose lifecycle timreport@1.0.0~watch: CWD: /var/www/html/TimReport
11 silly lifecycle timreport@1.0.0~watch: Args: [ '-c', 'npm run development -- --watch' ]
12 silly lifecycle timreport@1.0.0~watch: Returned: code: 1  signal: null
13 info lifecycle timreport@1.0.0~watch: Failed to exec watch script
14 verbose stack Error: timreport@1.0.0 watch: `npm run development -- --watch`
14 verbose stack Exit status 1
14 verbose stack     at EventEmitter.<anonymous> (/usr/lib/node_modules/npm/lib/utils/lifecycle.js:255:16)
14 verbose stack     at emitTwo (events.js:106:13)
14 verbose stack     at EventEmitter.emit (events.js:191:7)
14 verbose stack     at ChildProcess.<anonymous> (/usr/lib/node_modules/npm/lib/utils/spawn.js:40:14)
14 verbose stack     at emitTwo (events.js:106:13)
14 verbose stack     at ChildProcess.emit (events.js:191:7)
14 verbose stack     at maybeClose (internal/child_process.js:920:16)
14 verbose stack     at Process.ChildProcess._handle.onexit (internal/child_process.js:230:5)
15 verbose pkgid timreport@1.0.0
16 verbose cwd /var/www/html/TimReport
17 error Linux 3.10.0-1062.1.1.el7.x86_64
18 error argv "/usr/bin/node" "/usr/bin/npm" "run" "watch"
19 error node v6.17.1
20 error npm  v3.10.10
21 error code ELIFECYCLE
22 error timreport@1.0.0 watch: `npm run development -- --watch`
22 error Exit status 1
23 error Failed at the timreport@1.0.0 watch script 'npm run development -- --watch'.
23 error Make sure you have the latest version of node.js and npm installed.
23 error If you do, this is most likely a problem with the timreport package,
23 error not with npm itself.
23 error Tell the author that this fails on your system:
23 error     npm run development -- --watch
23 error You can get information on how to open an issue for this project with:
23 error     npm bugs timreport
23 error Or if that isn't available, you can get their info via:
23 error     npm owner ls timreport
23 error There is likely additional logging output above.
24 verbose exit [ 1, true ]
